s:\cis 565\project0-getting-started\build\lib\debug\cis565_getting_started.lib
s:\cis 565\project0-getting-started\build\lib\debug\cis565_getting_started.exp
s:\cis 565\project0-getting-started\build\cis565_getting_started.dir\debug\vc140.pdb
s:\cis 565\project0-getting-started\build\cis565_getting_started.dir\debug\main.obj
s:\cis 565\project0-getting-started\build\cis565_getting_started.dir\debug\glslutility.obj
s:\cis 565\project0-getting-started\build\cmakefiles\cis565_getting_started.dir\src\debug\cis565_getting_started_generated_kernel.cu.obj
s:\cis 565\project0-getting-started\build\cmakefiles\generate.stamp
s:\cis 565\project0-getting-started\build\bin\debug\cis565_getting_started.ilk
s:\cis 565\project0-getting-started\build\bin\debug\cis565_getting_started.exe
s:\cis 565\project0-getting-started\build\bin\debug\cis565_getting_started.pdb
s:\cis 565\project0-getting-started\build\cis565_getting_started.dir\debug\cis565_g.205c6ce3.tlog\cis565_getting_started.write.1u.tlog
s:\cis 565\project0-getting-started\build\cis565_getting_started.dir\debug\cis565_g.205c6ce3.tlog\cl.command.1.tlog
s:\cis 565\project0-getting-started\build\cis565_getting_started.dir\debug\cis565_g.205c6ce3.tlog\cl.read.1.tlog
s:\cis 565\project0-getting-started\build\cis565_getting_started.dir\debug\cis565_g.205c6ce3.tlog\cl.write.1.tlog
s:\cis 565\project0-getting-started\build\cis565_getting_started.dir\debug\cis565_g.205c6ce3.tlog\custombuild.command.1.tlog
s:\cis 565\project0-getting-started\build\cis565_getting_started.dir\debug\cis565_g.205c6ce3.tlog\custombuild.read.1.tlog
s:\cis 565\project0-getting-started\build\cis565_getting_started.dir\debug\cis565_g.205c6ce3.tlog\custombuild.write.1.tlog
s:\cis 565\project0-getting-started\build\cis565_getting_started.dir\debug\cis565_g.205c6ce3.tlog\link.command.1.tlog
s:\cis 565\project0-getting-started\build\cis565_getting_started.dir\debug\cis565_g.205c6ce3.tlog\link.read.1.tlog
s:\cis 565\project0-getting-started\build\cis565_getting_started.dir\debug\cis565_g.205c6ce3.tlog\link.write.1.tlog
